<?xml version="1.0" encoding="UTF-8"?>
<testng-results skipped="0" failed="0" ignored="1" total="2" passed="1">
  <reporter-output>
  </reporter-output>
  <suite name="Suite" duration-ms="96" started-at="2018-06-23T07:40:59Z" finished-at="2018-06-23T07:40:59Z">
    <groups>
      <group name="fruit">
        <method signature="grouptest.g()[pri:0, instance:grouptest.grouptest@198378d]" name="g" class="grouptest.grouptest"/>
      </group> <!-- fruit -->
    </groups>
    <test name="group_ test" duration-ms="96" started-at="2018-06-23T07:40:59Z" finished-at="2018-06-23T07:40:59Z">
      <class name="grouptest.grouptest">
        <test-method status="PASS" signature="g()[pri:0, instance:grouptest.grouptest@198378d]" name="g" duration-ms="25" started-at="2018-06-23T07:40:59Z" finished-at="2018-06-23T07:40:59Z">
          <reporter-output>
          </reporter-output>
        </test-method> <!-- g -->
      </class> <!-- grouptest.grouptest -->
    </test> <!-- group_ test -->
  </suite> <!-- Suite -->
</testng-results>
